Using pre-set license
Built from '2022.3/staging' branch; Version is '2022.3.44f1 (c3ae09b9f03c) revision 12824073'; Using compiler version '192829333'; Build Type 'Release'
OS: 'Windows 11  (10.0.22631) 64bit CoreSingleLanguage' Language: 'en' Physical Memory: 16163 MB
BatchMode: 1, IsHumanControllingUs: 0, StartBugReporterOnCrash: 0, Is64bit: 1, IsPro: 1

COMMAND LINE ARGUMENTS:
C:\Program Files\Unity\Hub\Editor\2022.3.44f1\Editor\Unity.exe
-adb2
-batchMode
-noUpm
-name
AssetImportWorker3
-projectPath
C:/Users/sreey/MID
-logFile
Logs/AssetImportWorker3.log
-srvPort
55108
Successfully changed project path to: C:/Users/sreey/MID
C:/Users/sreey/MID
[UnityMemory] Configuration Parameters - Can be set up in boot.config
    "memorysetup-bucket-allocator-granularity=16"
    "memorysetup-bucket-allocator-bucket-count=8"
    "memorysetup-bucket-allocator-block-size=33554432"
    "memorysetup-bucket-allocator-block-count=8"
    "memorysetup-main-allocator-block-size=16777216"
    "memorysetup-thread-allocator-block-size=16777216"
    "memorysetup-gfx-main-allocator-block-size=16777216"
    "memorysetup-gfx-thread-allocator-block-size=16777216"
    "memorysetup-cache-allocator-block-size=4194304"
    "memorysetup-typetree-allocator-block-size=2097152"
    "memorysetup-profiler-bucket-allocator-granularity=16"
    "memorysetup-profiler-bucket-allocator-bucket-count=8"
    "memorysetup-profiler-bucket-allocator-block-size=33554432"
    "memorysetup-profiler-bucket-allocator-block-count=8"
    "memorysetup-profiler-allocator-block-size=16777216"
    "memorysetup-profiler-editor-allocator-block-size=1048576"
    "memorysetup-temp-allocator-size-main=16777216"
    "memorysetup-job-temp-allocator-block-size=2097152"
    "memorysetup-job-temp-allocator-block-size-background=1048576"
    "memorysetup-job-temp-allocator-reduction-small-platforms=262144"
    "memorysetup-allocator-temp-initial-block-size-main=262144"
    "memorysetup-allocator-temp-initial-block-size-worker=262144"
    "memorysetup-temp-allocator-size-background-worker=32768"
    "memorysetup-temp-allocator-size-job-worker=262144"
    "memorysetup-temp-allocator-size-preload-manager=33554432"
    "memorysetup-temp-allocator-size-nav-mesh-worker=65536"
    "memorysetup-temp-allocator-size-audio-worker=65536"
    "memorysetup-temp-allocator-size-cloud-worker=32768"
    "memorysetup-temp-allocator-size-gi-baking-worker=262144"
    "memorysetup-temp-allocator-size-gfx=262144"
Player connection [26164]  Target information:

Player connection [26164]  * "[IP] 192.168.0.179 [Port] 0 [Flags] 2 [Guid] 834602062 [EditorId] 834602062 [Version] 1048832 [Id] WindowsEditor(7,SWAIN) [Debug] 1 [PackageName] WindowsEditor [ProjectName] Editor" 

Player connection [26164] Host joined multi-casting on [225.0.0.222:54997]...
Player connection [26164] Host joined alternative multi-casting on [225.0.0.222:34997]...
[PhysX] Initialized MultithreadedTaskDispatcher with 12 workers.
Refreshing native plugins compatible for Editor in 119.89 ms, found 9 plugins.
Preloading 0 native plugins for Editor in 0.00 ms.
Initialize engine version: 2022.3.44f1 (c3ae09b9f03c)
[Subsystems] Discovering subsystems at path C:/Program Files/Unity/Hub/Editor/2022.3.44f1/Editor/Data/Resources/UnitySubsystems
[Subsystems] Discovering subsystems at path C:/Users/sreey/MID/Assets
GfxDevice: creating device client; threaded=0; jobified=0
Direct3D:
    Version:  Direct3D 11.0 [level 11.1]
    Renderer: NVIDIA GeForce GTX 1650 (ID=0x1f9d)
    Vendor:   NVIDIA
    VRAM:     3937 MB
    Driver:   32.0.15.6094
Initialize mono
Mono path[0] = 'C:/Program Files/Unity/Hub/Editor/2022.3.44f1/Editor/Data/Managed'
Mono path[1] = 'C:/Program Files/Unity/Hub/Editor/2022.3.44f1/Editor/Data/MonoBleedingEdge/lib/mono/unityjit-win32'
Mono config path = 'C:/Program Files/Unity/Hub/Editor/2022.3.44f1/Editor/Data/MonoBleedingEdge/etc'
Using monoOptions --debugger-agent=transport=dt_socket,embedding=1,server=y,suspend=n,address=127.0.0.1:56792
Begin MonoManager ReloadAssembly
Registering precompiled unity dll's ...
Register platform support module: C:/Program Files/Unity/Hub/Editor/2022.3.44f1/Editor/Data/PlaybackEngines/AndroidPlayer/UnityEditor.Android.Extensions.dll
Register platform support module: C:/Program Files/Unity/Hub/Editor/2022.3.44f1/Editor/Data/PlaybackEngines/WindowsStandaloneSupport/UnityEditor.WindowsStandalone.Extensions.dll
Registered in 0.037114 seconds.
- Loaded All Assemblies, in  0.558 seconds
Native extension for WindowsStandalone target not found
Native extension for Android target not found
Android Extension - Scanning For ADB Devices 466 ms
Mono: successfully reloaded assembly
- Finished resetting the current domain, in  0.834 seconds
Domain Reload Profiling: 1384ms
	BeginReloadAssembly (214ms)
		ExecutionOrderSort (0ms)
		DisableScriptedObjects (0ms)
		BackupInstance (0ms)
		ReleaseScriptingObjects (0ms)
		CreateAndSetChildDomain (1ms)
	RebuildCommonClasses (40ms)
	RebuildNativeTypeToScriptingClass (11ms)
	initialDomainReloadingComplete (115ms)
	LoadAllAssembliesAndSetupDomain (169ms)
		LoadAssemblies (208ms)
		RebuildTransferFunctionScriptingTraits (0ms)
		AnalyzeDomain (164ms)
			TypeCache.Refresh (163ms)
				TypeCache.ScanAssembly (147ms)
			ScanForSourceGeneratedMonoScriptInfo (0ms)
			ResolveRequiredComponents (0ms)
	FinalizeReload (835ms)
		ReleaseScriptCaches (0ms)
		RebuildScriptCaches (0ms)
		SetupLoadedEditorAssemblies (788ms)
			LogAssemblyErrors (0ms)
			InitializePlatformSupportModulesInManaged (556ms)
			SetLoadedEditorAssemblies (6ms)
			RefreshPlugins (0ms)
			BeforeProcessingInitializeOnLoad (3ms)
			ProcessInitializeOnLoadAttributes (161ms)
			ProcessInitializeOnLoadMethodAttributes (61ms)
			AfterProcessingInitializeOnLoad (0ms)
			EditorAssembliesLoaded (0ms)
		ExecutionOrderSort2 (0ms)
		AwakeInstancesAfterBackupRestoration (0ms)
========================================================================
Worker process is ready to serve import requests
Caller must complete domain reload
Begin MonoManager ReloadAssembly
- Loaded All Assemblies, in  1.379 seconds
Native extension for WindowsStandalone target not found
Native extension for Android target not found
Package Manager log level set to [2]
[Package Manager] Server::EnsureServerProcessIsRunning -- launch failed, reason: Unity was launched with the -noUpm command-line argument
[Package Manager] UpmClient::Send -- Unable to send message (not connected to UPM process).
[Package Manager] Cannot connect to Unity Package Manager local server
[Package Manager] Server::EnsureServerProcessIsRunning -- launch failed, reason: Unity was launched with the -noUpm command-line argument
[Package Manager] UpmClient::Send -- Unable to send message (not connected to UPM process).
[Package Manager] Cannot connect to Unity Package Manager local server
Mono: successfully reloaded assembly
[Package Manager] Server::EnsureServerProcessIsRunning -- launch failed, reason: Unity was launched with the -noUpm command-line argument
[Package Manager] UpmClient::Send -- Unable to send message (not connected to UPM process).
[Package Manager] Cannot connect to Unity Package Manager local server
[Package Manager] Server::EnsureServerProcessIsRunning -- launch failed, reason: Unity was launched with the -noUpm command-line argument
[Package Manager] UpmClient::Send -- Unable to send message (not connected to UPM process).
[Package Manager] Cannot connect to Unity Package Manager local server
- Finished resetting the current domain, in  1.291 seconds
Domain Reload Profiling: 2649ms
	BeginReloadAssembly (289ms)
		ExecutionOrderSort (0ms)
		DisableScriptedObjects (6ms)
		BackupInstance (0ms)
		ReleaseScriptingObjects (0ms)
		CreateAndSetChildDomain (28ms)
	RebuildCommonClasses (45ms)
	RebuildNativeTypeToScriptingClass (11ms)
	initialDomainReloadingComplete (71ms)
	LoadAllAssembliesAndSetupDomain (941ms)
		LoadAssemblies (822ms)
		RebuildTransferFunctionScriptingTraits (0ms)
		AnalyzeDomain (320ms)
			TypeCache.Refresh (276ms)
				TypeCache.ScanAssembly (252ms)
			ScanForSourceGeneratedMonoScriptInfo (29ms)
			ResolveRequiredComponents (14ms)
	FinalizeReload (1291ms)
		ReleaseScriptCaches (0ms)
		RebuildScriptCaches (0ms)
		SetupLoadedEditorAssemblies (1093ms)
			LogAssemblyErrors (0ms)
			InitializePlatformSupportModulesInManaged (32ms)
			SetLoadedEditorAssemblies (4ms)
			RefreshPlugins (0ms)
			BeforeProcessingInitializeOnLoad (144ms)
			ProcessInitializeOnLoadAttributes (741ms)
			ProcessInitializeOnLoadMethodAttributes (147ms)
			AfterProcessingInitializeOnLoad (26ms)
			EditorAssembliesLoaded (0ms)
		ExecutionOrderSort2 (0ms)
		AwakeInstancesAfterBackupRestoration (6ms)
Launched and connected shader compiler UnityShaderCompiler.exe after 0.09 seconds
Refreshing native plugins compatible for Editor in 44.25 ms, found 9 plugins.
Preloading 0 native plugins for Editor in 0.00 ms.
Unloading 6113 Unused Serialized files (Serialized files now loaded: 0)
Unloading 75 unused Assets / (372.5 KB). Loaded Objects now: 6569.
Memory consumption went from 223.5 MB to 223.1 MB.
Total: 4.673000 ms (FindLiveObjects: 0.710800 ms CreateObjectMapping: 0.285900 ms MarkObjects: 3.448600 ms  DeleteObjects: 0.226500 ms)

AssetImportParameters requested are different than current active one (requested -> active):
  custom:container-demuxer-ogg: 62fdf1f143b41e24485cea50d1cbac27 -> 
  custom:video-decoder-ogg-theora: a1e56fd34408186e4bbccfd4996cb3dc -> 
  custom:framework-win-MediaFoundation: 216162199b28c13a410421893ffa2e32 -> 
  custom:CustomObjectIndexerAttribute: 72b91833f83ae208fae7752999fa3104 -> 
  custom:container-demuxer-webm: 4f35f7cbe854078d1ac9338744f61a02 -> 
  custom:container-muxer-webm: aa71ff27fc2769a1b78a27578f13a17b -> 
  custom:video-decoder-webm-vp8: 9c59270c3fd7afecdb556c50c9e8de78 -> 
  custom:SearchIndexIgnoredProperties: e643bd26f0fe6173181afceb89e7c659 -> 
  custom:AudioImporter_EditorPlatform: d09bf68614088b80899f8185d706f6e7 -> 
  custom:video-encoder-webm-vp8: eb34c28f22e8b96e1ab97ce403110664 -> 
  custom:audio-decoder-ogg-vorbis: bf7c407c2cedff20999df2af8eb42d56 -> 
  custom:audio-encoder-webm-vorbis: bf7c407c2cedff20999df2af8eb42d56 -> 
========================================================================
Received Import Request.
  Time since last request: 14454.004360 seconds.
  path: Assets/Scenes/SampleScene.unity
  artifactKey: Guid(99c9720ab356a0642a771bea13969a05) Importer(2089858483,3d70f49cd1c2eb9ae422958d1c652c6b)
Start importing Assets/Scenes/SampleScene.unity using Guid(99c9720ab356a0642a771bea13969a05) Importer(2089858483,3d70f49cd1c2eb9ae422958d1c652c6b) [PhysX] Initialized MultithreadedTaskDispatcher with 12 workers.
Opening scene 'Assets/Scenes/SampleScene.unity additively'
Loaded scene 'Assets/Scenes/SampleScene.unity'
	Deserialize:            11.912 ms
	Integration:            150.574 ms
	Integration of assets:  5.438 ms
	Thread Wait Time:       3.875 ms
	Total Operation Time:   171.799 ms
 -> (artifact id: '9b52b031da1edb2c33c2c7c5d4ec60c7') in 1.082663 seconds
Number of updated asset objects reloaded before import = 0
Number of asset objects unloaded after import = 34
========================================================================
Received Import Request.
  Time since last request: 0.000061 seconds.
  path: Assets/PolygonStarter/Models/SM_Wep_Shield_04.fbx
  artifactKey: Guid(87eb24cd8b7c5b145a5b6e0a7a932dcd) Importer(2089858483,0ecaa5967403d082aa24f35e1b516d23)
Start importing Assets/PolygonStarter/Models/SM_Wep_Shield_04.fbx using Guid(87eb24cd8b7c5b145a5b6e0a7a932dcd) Importer(2089858483,0ecaa5967403d082aa24f35e1b516d23) [PhysX] Initialized MultithreadedTaskDispatcher with 12 workers.
 -> (artifact id: 'cc176136a4547cad60d8702258b7baba') in 0.189298 seconds
Number of updated asset objects reloaded before import = 0
Number of asset objects unloaded after import = 7
========================================================================
Received Import Request.
  Time since last request: 0.000065 seconds.
  path: Assets/PolygonStarter/Materials/Misc/PolygonStarter_Mat_01_Glass.mat
  artifactKey: Guid(167faa9f54383f04987dcacc6372f1b4) Importer(2089858483,0ecaa5967403d082aa24f35e1b516d23)
Start importing Assets/PolygonStarter/Materials/Misc/PolygonStarter_Mat_01_Glass.mat using Guid(167faa9f54383f04987dcacc6372f1b4) Importer(2089858483,0ecaa5967403d082aa24f35e1b516d23) [PhysX] Initialized MultithreadedTaskDispatcher with 12 workers.
 -> (artifact id: 'db63336a953eb5bc6d65323b4651aa9f') in 0.170032 seconds
Number of updated asset objects reloaded before import = 0
Number of asset objects unloaded after import = 2
========================================================================
Received Import Request.
  Time since last request: 0.004373 seconds.
  path: Assets/PolygonStarter/Prefabs/SM_Generic_Tree_04.prefab
  artifactKey: Guid(777f53d3993533d4184fa410d0cdfae7) Importer(2089858483,3d70f49cd1c2eb9ae422958d1c652c6b)
Start importing Assets/PolygonStarter/Prefabs/SM_Generic_Tree_04.prefab using Guid(777f53d3993533d4184fa410d0cdfae7) Importer(2089858483,3d70f49cd1c2eb9ae422958d1c652c6b) [PhysX] Initialized MultithreadedTaskDispatcher with 12 workers.
 -> (artifact id: 'f353a12020b4be6b9d87f2d6f68a7b1e') in 0.039897 seconds
Number of updated asset objects reloaded before import = 0
Number of asset objects unloaded after import = 9
========================================================================
Received Import Request.
  Time since last request: 0.000039 seconds.
  path: Assets/PolygonStarter/Prefabs/SM_Prop_Plane_Ring_01.prefab
  artifactKey: Guid(bc59902fe8272d54da1ae082ff755757) Importer(2089858483,3d70f49cd1c2eb9ae422958d1c652c6b)
Start importing Assets/PolygonStarter/Prefabs/SM_Prop_Plane_Ring_01.prefab using Guid(bc59902fe8272d54da1ae082ff755757) Importer(2089858483,3d70f49cd1c2eb9ae422958d1c652c6b) [PhysX] Initialized MultithreadedTaskDispatcher with 12 workers.
 -> (artifact id: '2bef389c2d60bc8186d6748bf5ac9dbb') in 0.033184 seconds
Number of updated asset objects reloaded before import = 0
Number of asset objects unloaded after import = 9
========================================================================
Received Import Request.
  Time since last request: 0.000047 seconds.
  path: Assets/Settings/URP-Performant.asset
  artifactKey: Guid(d0e2fc18fe036412f8223b3b3d9ad574) Importer(2089858483,3d70f49cd1c2eb9ae422958d1c652c6b)
Start importing Assets/Settings/URP-Performant.asset using Guid(d0e2fc18fe036412f8223b3b3d9ad574) Importer(2089858483,3d70f49cd1c2eb9ae422958d1c652c6b) [PhysX] Initialized MultithreadedTaskDispatcher with 12 workers.
 -> (artifact id: '3c8f85b2e193571798a41f9ea9492963') in 0.048680 seconds
Number of updated asset objects reloaded before import = 0
Number of asset objects unloaded after import = 1
========================================================================
Received Import Request.
  Time since last request: 0.001651 seconds.
  path: Assets/Settings/URP-Balanced.asset
  artifactKey: Guid(e1260c1148f6143b28bae5ace5e9c5d1) Importer(2089858483,3d70f49cd1c2eb9ae422958d1c652c6b)
Start importing Assets/Settings/URP-Balanced.asset using Guid(e1260c1148f6143b28bae5ace5e9c5d1) Importer(2089858483,3d70f49cd1c2eb9ae422958d1c652c6b) [PhysX] Initialized MultithreadedTaskDispatcher with 12 workers.
 -> (artifact id: '64ffdb4853683e8230f24b41fcf055ad') in 0.068335 seconds
Number of updated asset objects reloaded before import = 0
Number of asset objects unloaded after import = 2
========================================================================
Received Import Request.
  Time since last request: 0.000694 seconds.
  path: Assets/PolygonStarter/Materials/PolygonStarter_Mat_04.mat
  artifactKey: Guid(382781f3eb846ba4992cfb4e635c76ed) Importer(2089858483,0ecaa5967403d082aa24f35e1b516d23)
Start importing Assets/PolygonStarter/Materials/PolygonStarter_Mat_04.mat using Guid(382781f3eb846ba4992cfb4e635c76ed) Importer(2089858483,0ecaa5967403d082aa24f35e1b516d23) [PhysX] Initialized MultithreadedTaskDispatcher with 12 workers.
 -> (artifact id: '11dde75e3604fa21e5b0ed85f8694391') in 0.044358 seconds
Number of updated asset objects reloaded before import = 0
Number of asset objects unloaded after import = 2
========================================================================
Received Import Request.
  Time since last request: 0.000044 seconds.
  path: Assets/PolygonStarter/Models/Collision/SM_Buildings_Ramp_25_1x1_01.fbx
  artifactKey: Guid(489a905ef5c877d4a8e6f9fb1f7f55e5) Importer(2089858483,0ecaa5967403d082aa24f35e1b516d23)
Start importing Assets/PolygonStarter/Models/Collision/SM_Buildings_Ramp_25_1x1_01.fbx using Guid(489a905ef5c877d4a8e6f9fb1f7f55e5) Importer(2089858483,0ecaa5967403d082aa24f35e1b516d23) [PhysX] Initialized MultithreadedTaskDispatcher with 12 workers.
 -> (artifact id: 'cfaadf7532c468c426084a2d6e5fd2a3') in 0.072581 seconds
Number of updated asset objects reloaded before import = 0
Number of asset objects unloaded after import = 7
========================================================================
Received Import Request.
  Time since last request: 0.000055 seconds.
  path: Assets/Settings/URP-Performant-Renderer.asset
  artifactKey: Guid(707360a9c581a4bd7aa53bfeb1429f71) Importer(2089858483,3d70f49cd1c2eb9ae422958d1c652c6b)
Start importing Assets/Settings/URP-Performant-Renderer.asset using Guid(707360a9c581a4bd7aa53bfeb1429f71) Importer(2089858483,3d70f49cd1c2eb9ae422958d1c652c6b) [PhysX] Initialized MultithreadedTaskDispatcher with 12 workers.
 -> (artifact id: 'f107239fd58f62a703926d90e8383846') in 0.030453 seconds
Number of updated asset objects reloaded before import = 0
Number of asset objects unloaded after import = 0
========================================================================
Received Import Request.
  Time since last request: 0.000162 seconds.
  path: Assets/PolygonStarter/Prefabs/SM_PolygonPrototype_Prop_Sword_01.prefab
  artifactKey: Guid(1eb47ee7fb4e0224482d77ed61559671) Importer(2089858483,3d70f49cd1c2eb9ae422958d1c652c6b)
Start importing Assets/PolygonStarter/Prefabs/SM_PolygonPrototype_Prop_Sword_01.prefab using Guid(1eb47ee7fb4e0224482d77ed61559671) Importer(2089858483,3d70f49cd1c2eb9ae422958d1c652c6b) [PhysX] Initialized MultithreadedTaskDispatcher with 12 workers.
 -> (artifact id: '8d3a6d0e8a8d908d97b41f9f97d42c8d') in 0.088539 seconds
Number of updated asset objects reloaded before import = 0
Number of asset objects unloaded after import = 9
========================================================================
Received Import Request.
  Time since last request: 0.000037 seconds.
  path: Assets/PolygonStarter/Prefabs/SM_PolygonPrototype_Buildings_WallDoor_2x3_01P.prefab
  artifactKey: Guid(dc7c84106cc461e4f8dac748879dbe72) Importer(2089858483,3d70f49cd1c2eb9ae422958d1c652c6b)
Start importing Assets/PolygonStarter/Prefabs/SM_PolygonPrototype_Buildings_WallDoor_2x3_01P.prefab using Guid(dc7c84106cc461e4f8dac748879dbe72) Importer(2089858483,3d70f49cd1c2eb9ae422958d1c652c6b) [PhysX] Initialized MultithreadedTaskDispatcher with 12 workers.
 -> (artifact id: '605a9e5405e254916180a7ca428b485b') in 0.062841 seconds
Number of updated asset objects reloaded before import = 0
Number of asset objects unloaded after import = 9
========================================================================
Received Import Request.
  Time since last request: 0.000043 seconds.
  path: Assets/PolygonStarter/Prefabs/SM_PolygonPrototype_Buildings_DoorFrame_01P.prefab
  artifactKey: Guid(4a0ab548b1b39cf4b8b48726d5f4fbfe) Importer(2089858483,0ecaa5967403d082aa24f35e1b516d23)
Start importing Assets/PolygonStarter/Prefabs/SM_PolygonPrototype_Buildings_DoorFrame_01P.prefab using Guid(4a0ab548b1b39cf4b8b48726d5f4fbfe) Importer(2089858483,0ecaa5967403d082aa24f35e1b516d23) [PhysX] Initialized MultithreadedTaskDispatcher with 12 workers.
 -> (artifact id: 'fe07d6e4bc8179e23594f2ea28e926b5') in 0.102430 seconds
Number of updated asset objects reloaded before import = 0
Number of asset objects unloaded after import = 7
========================================================================
Received Import Request.
  Time since last request: 0.000053 seconds.
  path: Assets/PolygonStarter/Materials/Misc
  artifactKey: Guid(c57dbbfd53a3a264292995a8a8526541) Importer(2089858483,0ecaa5967403d082aa24f35e1b516d23)
Start importing Assets/PolygonStarter/Materials/Misc using Guid(c57dbbfd53a3a264292995a8a8526541) Importer(2089858483,0ecaa5967403d082aa24f35e1b516d23) [PhysX] Initialized MultithreadedTaskDispatcher with 12 workers.
 -> (artifact id: '4ed6f71ab652deff6a1ee0eb02139933') in 0.048866 seconds
Number of updated asset objects reloaded before import = 0
Number of asset objects unloaded after import = 1
========================================================================
Received Import Request.
  Time since last request: 0.000059 seconds.
  path: Assets/PolygonStarter/Prefabs/Characters/SM_Character_Female_01.prefab
  artifactKey: Guid(68617247be1cad64d8dfe7e3cbbb3174) Importer(2089858483,3d70f49cd1c2eb9ae422958d1c652c6b)
Start importing Assets/PolygonStarter/Prefabs/Characters/SM_Character_Female_01.prefab using Guid(68617247be1cad64d8dfe7e3cbbb3174) Importer(2089858483,3d70f49cd1c2eb9ae422958d1c652c6b) [PhysX] Initialized MultithreadedTaskDispatcher with 12 workers.
 -> (artifact id: '0070862f4d0cf4d8000355822dd1909f') in 0.208797 seconds
Number of updated asset objects reloaded before import = 0
Number of asset objects unloaded after import = 122
========================================================================
Received Import Request.
  Time since last request: 0.000043 seconds.
  path: Assets/PolygonStarter/Prefabs/SM_Generic_Tree_01.prefab
  artifactKey: Guid(ab36f4e752fd5d74d8e9f8f24c8864f2) Importer(2089858483,0ecaa5967403d082aa24f35e1b516d23)
Start importing Assets/PolygonStarter/Prefabs/SM_Generic_Tree_01.prefab using Guid(ab36f4e752fd5d74d8e9f8f24c8864f2) Importer(2089858483,0ecaa5967403d082aa24f35e1b516d23) [PhysX] Initialized MultithreadedTaskDispatcher with 12 workers.
 -> (artifact id: 'acc737d429e8be0e50ea7687cc7f32a3') in 0.121325 seconds
Number of updated asset objects reloaded before import = 0
Number of asset objects unloaded after import = 8
========================================================================
Received Import Request.
  Time since last request: 0.000046 seconds.
  path: Assets/PolygonStarter/Prefabs/SM_Generic_Tree_02.prefab
  artifactKey: Guid(1ce022d65e1e7b84d9e5ae4a479c39ba) Importer(2089858483,3d70f49cd1c2eb9ae422958d1c652c6b)
Start importing Assets/PolygonStarter/Prefabs/SM_Generic_Tree_02.prefab using Guid(1ce022d65e1e7b84d9e5ae4a479c39ba) Importer(2089858483,3d70f49cd1c2eb9ae422958d1c652c6b) [PhysX] Initialized MultithreadedTaskDispatcher with 12 workers.
 -> (artifact id: '59ab2c1e495487a5367224be3fb73966') in 0.064448 seconds
Number of updated asset objects reloaded before import = 0
Number of asset objects unloaded after import = 8
========================================================================
Received Import Request.
  Time since last request: 0.000052 seconds.
  path: Assets/PolygonStarter/Prefabs/Characters/SM_Bean_Female_01.prefab
  artifactKey: Guid(bc89cff11dc72544faaaa69b501fd596) Importer(2089858483,3d70f49cd1c2eb9ae422958d1c652c6b)
Start importing Assets/PolygonStarter/Prefabs/Characters/SM_Bean_Female_01.prefab using Guid(bc89cff11dc72544faaaa69b501fd596) Importer(2089858483,3d70f49cd1c2eb9ae422958d1c652c6b) [PhysX] Initialized MultithreadedTaskDispatcher with 12 workers.
 -> (artifact id: 'fb823d783beab198a42bddf07cced815') in 0.055304 seconds
Number of updated asset objects reloaded before import = 0
Number of asset objects unloaded after import = 8
========================================================================
Received Import Request.
  Time since last request: 0.004869 seconds.
  path: Assets/PolygonStarter/Models/SM_PolygonPrototype_Buildings_Stairs_1x1_01P.fbx
  artifactKey: Guid(863c2e4bd290d4344bfa0c76e862a0cf) Importer(2089858483,0ecaa5967403d082aa24f35e1b516d23)
Start importing Assets/PolygonStarter/Models/SM_PolygonPrototype_Buildings_Stairs_1x1_01P.fbx using Guid(863c2e4bd290d4344bfa0c76e862a0cf) Importer(2089858483,0ecaa5967403d082aa24f35e1b516d23) [PhysX] Initialized MultithreadedTaskDispatcher with 12 workers.
 -> (artifact id: '448a42047fcc01fbbbd05f044e9b9172') in 0.047111 seconds
Number of updated asset objects reloaded before import = 0
Number of asset objects unloaded after import = 7
========================================================================
Received Import Request.
  Time since last request: 0.000039 seconds.
  path: Assets/PolygonStarter/Prefabs/SM_PolygonPrototype_Buildings_Floor_1x1_01P.prefab
  artifactKey: Guid(af1ac26269830d347859c2c45ef72494) Importer(2089858483,0ecaa5967403d082aa24f35e1b516d23)
Start importing Assets/PolygonStarter/Prefabs/SM_PolygonPrototype_Buildings_Floor_1x1_01P.prefab using Guid(af1ac26269830d347859c2c45ef72494) Importer(2089858483,0ecaa5967403d082aa24f35e1b516d23) [PhysX] Initialized MultithreadedTaskDispatcher with 12 workers.
 -> (artifact id: 'db73987ff736f2b23f927dcb7bb084e2') in 0.073811 seconds
Number of updated asset objects reloaded before import = 0
Number of asset objects unloaded after import = 8
========================================================================
Received Import Request.
  Time since last request: 0.000050 seconds.
  path: Assets/PolygonStarter/Models/SM_PolygonCity_Veh_Car_Small_01.fbx
  artifactKey: Guid(3555aa14b7768e148a5d219046a2dc64) Importer(2089858483,0ecaa5967403d082aa24f35e1b516d23)
Start importing Assets/PolygonStarter/Models/SM_PolygonCity_Veh_Car_Small_01.fbx using Guid(3555aa14b7768e148a5d219046a2dc64) Importer(2089858483,0ecaa5967403d082aa24f35e1b516d23) [PhysX] Initialized MultithreadedTaskDispatcher with 12 workers.
 -> (artifact id: 'd9f639629d788dbc4b9e7113d68c544d') in 0.105750 seconds
Number of updated asset objects reloaded before import = 0
Number of asset objects unloaded after import = 42
========================================================================
Received Import Request.
  Time since last request: 0.000043 seconds.
  path: Assets/PolygonStarter/Prefabs/SM_Generic_Mountains_Grass_02.prefab
  artifactKey: Guid(d2201b576d0da384fb8f681e57559ea8) Importer(2089858483,0ecaa5967403d082aa24f35e1b516d23)
Start importing Assets/PolygonStarter/Prefabs/SM_Generic_Mountains_Grass_02.prefab using Guid(d2201b576d0da384fb8f681e57559ea8) Importer(2089858483,0ecaa5967403d082aa24f35e1b516d23) [PhysX] Initialized MultithreadedTaskDispatcher with 12 workers.
 -> (artifact id: 'e759dc0357599d188c52d71bc2be8d97') in 0.081109 seconds
Number of updated asset objects reloaded before import = 0
Number of asset objects unloaded after import = 8
========================================================================
Received Import Request.
  Time since last request: 0.000034 seconds.
  path: Assets/PolygonStarter/Models/SM_PolygonPrototype_Buildings_WallWindow_2x3_01P.fbx
  artifactKey: Guid(6be28cf95702ed2459d89932f1370fab) Importer(2089858483,0ecaa5967403d082aa24f35e1b516d23)
Start importing Assets/PolygonStarter/Models/SM_PolygonPrototype_Buildings_WallWindow_2x3_01P.fbx using Guid(6be28cf95702ed2459d89932f1370fab) Importer(2089858483,0ecaa5967403d082aa24f35e1b516d23) [PhysX] Initialized MultithreadedTaskDispatcher with 12 workers.
 -> (artifact id: '4870b47bd34b947cd1d542a1c68a1d27') in 0.054205 seconds
Number of updated asset objects reloaded before import = 0
Number of asset objects unloaded after import = 7
========================================================================
Received Import Request.
  Time since last request: 0.000068 seconds.
  path: Assets/PolygonStarter/Models/SM_PolygonPrototype_Primitive_Tube_01P.fbx
  artifactKey: Guid(d87ac280bde89b843b6fb7284ab0fed0) Importer(2089858483,0ecaa5967403d082aa24f35e1b516d23)
Start importing Assets/PolygonStarter/Models/SM_PolygonPrototype_Primitive_Tube_01P.fbx using Guid(d87ac280bde89b843b6fb7284ab0fed0) Importer(2089858483,0ecaa5967403d082aa24f35e1b516d23) [PhysX] Initialized MultithreadedTaskDispatcher with 12 workers.
 -> (artifact id: '015daf85fcaf4cf0a4f43257c66480da') in 0.058736 seconds
Number of updated asset objects reloaded before import = 0
Number of asset objects unloaded after import = 7
========================================================================
Received Import Request.
  Time since last request: 0.000528 seconds.
  path: Assets/PolygonStarter/Materials/Plane/PolygonStarter_Mat_Plane_03.mat
  artifactKey: Guid(a34e2e9511ab63041850d60a4868cfcf) Importer(2089858483,0ecaa5967403d082aa24f35e1b516d23)
Start importing Assets/PolygonStarter/Materials/Plane/PolygonStarter_Mat_Plane_03.mat using Guid(a34e2e9511ab63041850d60a4868cfcf) Importer(2089858483,0ecaa5967403d082aa24f35e1b516d23) [PhysX] Initialized MultithreadedTaskDispatcher with 12 workers.
 -> (artifact id: '4350a3b28457f853de93c40270f9ed7b') in 0.056921 seconds
Number of updated asset objects reloaded before import = 0
Number of asset objects unloaded after import = 2
========================================================================
Received Import Request.
  Time since last request: 0.000045 seconds.
  path: Assets/PolygonStarter/Models/SM_Veh_Plane_Stunt_01.fbx
  artifactKey: Guid(89cfb46882e163d428cb9f3d79ae2393) Importer(2089858483,0ecaa5967403d082aa24f35e1b516d23)
Start importing Assets/PolygonStarter/Models/SM_Veh_Plane_Stunt_01.fbx using Guid(89cfb46882e163d428cb9f3d79ae2393) Importer(2089858483,0ecaa5967403d082aa24f35e1b516d23) [PhysX] Initialized MultithreadedTaskDispatcher with 12 workers.
 -> (artifact id: '3c5cc19b6df3d842cd28cb066ee7f120') in 0.097817 seconds
Number of updated asset objects reloaded before import = 0
Number of asset objects unloaded after import = 67
========================================================================
Received Import Request.
  Time since last request: 0.000039 seconds.
  path: Assets/PolygonStarter/Models/SM_Prop_Plane_Ring_01.fbx
  artifactKey: Guid(8d1177ba3d7335442be5de9e2472ae26) Importer(2089858483,0ecaa5967403d082aa24f35e1b516d23)
Start importing Assets/PolygonStarter/Models/SM_Prop_Plane_Ring_01.fbx using Guid(8d1177ba3d7335442be5de9e2472ae26) Importer(2089858483,0ecaa5967403d082aa24f35e1b516d23) [PhysX] Initialized MultithreadedTaskDispatcher with 12 workers.
 -> (artifact id: '570be9bbc117d0a5f5369a8ccf64d504') in 0.040777 seconds
Number of updated asset objects reloaded before import = 0
Number of asset objects unloaded after import = 7
========================================================================
Received Import Request.
  Time since last request: 0.000078 seconds.
  path: Assets/PolygonStarter/Models/SM_Generic_Small_Rocks_04.fbx
  artifactKey: Guid(17bdf3df78c8f714e961cd4ba26d5685) Importer(2089858483,0ecaa5967403d082aa24f35e1b516d23)
Start importing Assets/PolygonStarter/Models/SM_Generic_Small_Rocks_04.fbx using Guid(17bdf3df78c8f714e961cd4ba26d5685) Importer(2089858483,0ecaa5967403d082aa24f35e1b516d23) [PhysX] Initialized MultithreadedTaskDispatcher with 12 workers.
 -> (artifact id: '8a917eabda0634157fb05bdb8b118292') in 0.042166 seconds
Number of updated asset objects reloaded before import = 0
Number of asset objects unloaded after import = 7
========================================================================
Received Import Request.
  Time since last request: 0.000035 seconds.
  path: Assets/PolygonStarter/Prefabs/SM_Generic_Small_Rocks_01.prefab
  artifactKey: Guid(39dfb394e864da84db3b1c7e8f517888) Importer(2089858483,0ecaa5967403d082aa24f35e1b516d23)
Start importing Assets/PolygonStarter/Prefabs/SM_Generic_Small_Rocks_01.prefab using Guid(39dfb394e864da84db3b1c7e8f517888) Importer(2089858483,0ecaa5967403d082aa24f35e1b516d23) [PhysX] Initialized MultithreadedTaskDispatcher with 12 workers.
 -> (artifact id: '3046d39446e143164ebd3ee5d3145273') in 0.030029 seconds
Number of updated asset objects reloaded before import = 0
Number of asset objects unloaded after import = 7
========================================================================
Received Import Request.
  Time since last request: 0.000063 seconds.
  path: Assets/PolygonStarter/Models/SM_Generic_TreeStump_01.fbx
  artifactKey: Guid(a64981f2d6b07c146ace71b6804c1339) Importer(2089858483,0ecaa5967403d082aa24f35e1b516d23)
Start importing Assets/PolygonStarter/Models/SM_Generic_TreeStump_01.fbx using Guid(a64981f2d6b07c146ace71b6804c1339) Importer(2089858483,0ecaa5967403d082aa24f35e1b516d23) [PhysX] Initialized MultithreadedTaskDispatcher with 12 workers.
 -> (artifact id: '02675e9ca6b9c0c9f648e4b197338665') in 0.036662 seconds
Number of updated asset objects reloaded before import = 0
Number of asset objects unloaded after import = 7
========================================================================
Received Import Request.
  Time since last request: 0.000033 seconds.
  path: Assets/PolygonStarter
  artifactKey: Guid(509fb4bec1dcffe44847a3db957bd87c) Importer(2089858483,0ecaa5967403d082aa24f35e1b516d23)
Start importing Assets/PolygonStarter using Guid(509fb4bec1dcffe44847a3db957bd87c) Importer(2089858483,0ecaa5967403d082aa24f35e1b516d23) [PhysX] Initialized MultithreadedTaskDispatcher with 12 workers.
 -> (artifact id: 'eb9b381cce274b960c82a21a1e620065') in 0.022904 seconds
Number of updated asset objects reloaded before import = 0
Number of asset objects unloaded after import = 1
========================================================================
Received Import Request.
  Time since last request: 0.000039 seconds.
  path: Assets/PolygonStarter/Materials
  artifactKey: Guid(cf8103daad2db8c48aa6aa3debb67c06) Importer(2089858483,0ecaa5967403d082aa24f35e1b516d23)
Start importing Assets/PolygonStarter/Materials using Guid(cf8103daad2db8c48aa6aa3debb67c06) Importer(2089858483,0ecaa5967403d082aa24f35e1b516d23) [PhysX] Initialized MultithreadedTaskDispatcher with 12 workers.
 -> (artifact id: 'bb6d9fbe34453c79c107c2f035157da4') in 0.022353 seconds
Number of updated asset objects reloaded before import = 0
Number of asset objects unloaded after import = 1
========================================================================
Received Import Request.
  Time since last request: 0.000045 seconds.
  path: Assets/PolygonStarter/Prefabs/SM_Generic_CloudRing_01.prefab
  artifactKey: Guid(280053154239720458c4b6093bfea66a) Importer(2089858483,0ecaa5967403d082aa24f35e1b516d23)
Start importing Assets/PolygonStarter/Prefabs/SM_Generic_CloudRing_01.prefab using Guid(280053154239720458c4b6093bfea66a) Importer(2089858483,0ecaa5967403d082aa24f35e1b516d23) [PhysX] Initialized MultithreadedTaskDispatcher with 12 workers.
 -> (artifact id: '43f56fc9997a1a0b97b0917932b63acd') in 0.042129 seconds
Number of updated asset objects reloaded before import = 0
Number of asset objects unloaded after import = 7
========================================================================
Received Import Request.
  Time since last request: 0.000053 seconds.
  path: Assets/PolygonStarter/Prefabs/SM_PolygonPrototype_Buildings_Floor_5x5_01P.prefab
  artifactKey: Guid(9672218ecb324c240ae58e7a390701f2) Importer(2089858483,0ecaa5967403d082aa24f35e1b516d23)
Start importing Assets/PolygonStarter/Prefabs/SM_PolygonPrototype_Buildings_Floor_5x5_01P.prefab using Guid(9672218ecb324c240ae58e7a390701f2) Importer(2089858483,0ecaa5967403d082aa24f35e1b516d23) [PhysX] Initialized MultithreadedTaskDispatcher with 12 workers.
 -> (artifact id: '3631f9dbf863be0e54650f6d8e0eec41') in 0.050422 seconds
Number of updated asset objects reloaded before import = 0
Number of asset objects unloaded after import = 8
========================================================================
Received Import Request.
  Time since last request: 0.000051 seconds.
  path: Assets/PolygonStarter/Textures/Polygon_Plane_Texture_03.png
  artifactKey: Guid(ab16207b9b940c14687cad2ecf62259f) Importer(2089858483,0ecaa5967403d082aa24f35e1b516d23)
Start importing Assets/PolygonStarter/Textures/Polygon_Plane_Texture_03.png using Guid(ab16207b9b940c14687cad2ecf62259f) Importer(2089858483,0ecaa5967403d082aa24f35e1b516d23) [PhysX] Initialized MultithreadedTaskDispatcher with 12 workers.
 -> (artifact id: '706bbf059aacc45d05832194d7cb770e') in 0.203351 seconds
Number of updated asset objects reloaded before import = 0
Number of asset objects unloaded after import = 1
========================================================================
Received Import Request.
  Time since last request: 0.000300 seconds.
  path: Assets/PolygonStarter/Models/SM_Generic_Ground_03.fbx
  artifactKey: Guid(7cf8232403ff6a14483511b1d83ccf1a) Importer(2089858483,0ecaa5967403d082aa24f35e1b516d23)
Start importing Assets/PolygonStarter/Models/SM_Generic_Ground_03.fbx using Guid(7cf8232403ff6a14483511b1d83ccf1a) Importer(2089858483,0ecaa5967403d082aa24f35e1b516d23) [PhysX] Initialized MultithreadedTaskDispatcher with 12 workers.
 -> (artifact id: '224fd1575b6417fd9069c17dca772356') in 0.069456 seconds
Number of updated asset objects reloaded before import = 0
Number of asset objects unloaded after import = 7
========================================================================
Received Import Request.
  Time since last request: 0.000080 seconds.
  path: Assets/PolygonStarter/Prefabs/Characters/SM_Bean_Town_Female_01.prefab
  artifactKey: Guid(9b88eb630e9e15a4f950eae741685374) Importer(2089858483,3d70f49cd1c2eb9ae422958d1c652c6b)
Start importing Assets/PolygonStarter/Prefabs/Characters/SM_Bean_Town_Female_01.prefab using Guid(9b88eb630e9e15a4f950eae741685374) Importer(2089858483,3d70f49cd1c2eb9ae422958d1c652c6b) [PhysX] Initialized MultithreadedTaskDispatcher with 12 workers.
 -> (artifact id: 'ad9bf76a40b03142ffc4763af31f2400') in 0.031535 seconds
Number of updated asset objects reloaded before import = 0
Number of asset objects unloaded after import = 8
========================================================================
Received Import Request.
  Time since last request: 0.000029 seconds.
  path: Assets/PolygonStarter/Prefabs/SM_PolygonPrototype_Prop_Cone_01.prefab
  artifactKey: Guid(37e681eb08549004c9d9c2be529cbf54) Importer(2089858483,0ecaa5967403d082aa24f35e1b516d23)
Start importing Assets/PolygonStarter/Prefabs/SM_PolygonPrototype_Prop_Cone_01.prefab using Guid(37e681eb08549004c9d9c2be529cbf54) Importer(2089858483,0ecaa5967403d082aa24f35e1b516d23) [PhysX] Initialized MultithreadedTaskDispatcher with 12 workers.
 -> (artifact id: '1bee79b7f12e4e6d40e1a02d75da6b7b') in 0.041405 seconds
Number of updated asset objects reloaded before import = 0
Number of asset objects unloaded after import = 8
========================================================================
Received Import Request.
  Time since last request: 0.000190 seconds.
  path: Assets/PolygonStarter/Materials/Plane
  artifactKey: Guid(4b72f0e5578cbba42990b0e9557ba55f) Importer(2089858483,0ecaa5967403d082aa24f35e1b516d23)
Start importing Assets/PolygonStarter/Materials/Plane using Guid(4b72f0e5578cbba42990b0e9557ba55f) Importer(2089858483,0ecaa5967403d082aa24f35e1b516d23) [PhysX] Initialized MultithreadedTaskDispatcher with 12 workers.
 -> (artifact id: '89f9cec3bd401a2a0ccee67a68273bfd') in 0.028349 seconds
Number of updated asset objects reloaded before import = 0
Number of asset objects unloaded after import = 1
========================================================================
Received Import Request.
  Time since last request: 0.000614 seconds.
  path: Assets/PolygonStarter/Prefabs/SM_PolygonPrototype_Buildings_Ramp_25_1x1_01P.prefab
  artifactKey: Guid(35b4129ac994d4e49a7699deb68ac65b) Importer(2089858483,3d70f49cd1c2eb9ae422958d1c652c6b)
Start importing Assets/PolygonStarter/Prefabs/SM_PolygonPrototype_Buildings_Ramp_25_1x1_01P.prefab using Guid(35b4129ac994d4e49a7699deb68ac65b) Importer(2089858483,3d70f49cd1c2eb9ae422958d1c652c6b) [PhysX] Initialized MultithreadedTaskDispatcher with 12 workers.
 -> (artifact id: '47f8edc7ae4b1cca0b5757064b5d7d72') in 0.033370 seconds
Number of updated asset objects reloaded before import = 0
Number of asset objects unloaded after import = 9
========================================================================
Received Import Request.
  Time since last request: 0.000036 seconds.
  path: Assets/PolygonStarter/Textures/Simple_Sky_Texture_01.png
  artifactKey: Guid(a073e30cf8f3cab47b5cf5aa2df423f3) Importer(2089858483,0ecaa5967403d082aa24f35e1b516d23)
Start importing Assets/PolygonStarter/Textures/Simple_Sky_Texture_01.png using Guid(a073e30cf8f3cab47b5cf5aa2df423f3) Importer(2089858483,0ecaa5967403d082aa24f35e1b516d23) [PhysX] Initialized MultithreadedTaskDispatcher with 12 workers.
 -> (artifact id: '8af3ea7ef47efcd8fd362bf8b67eb120') in 0.043867 seconds
Number of updated asset objects reloaded before import = 0
Number of asset objects unloaded after import = 1
========================================================================
Received Import Request.
  Time since last request: 0.000039 seconds.
  path: Assets/XR/Settings
  artifactKey: Guid(ff23797a6115fc84f83ab1e35b8420ac) Importer(2089858483,0ecaa5967403d082aa24f35e1b516d23)
Start importing Assets/XR/Settings using Guid(ff23797a6115fc84f83ab1e35b8420ac) Importer(2089858483,0ecaa5967403d082aa24f35e1b516d23) [PhysX] Initialized MultithreadedTaskDispatcher with 12 workers.
 -> (artifact id: '6d09b2ee8543400bef0aae1bdbeb99e4') in 0.022344 seconds
Number of updated asset objects reloaded before import = 0
Number of asset objects unloaded after import = 1
========================================================================
Received Import Request.
  Time since last request: 0.000035 seconds.
  path: Assets/PolygonStarter/Prefabs/SM_Generic_Ground_03.prefab
  artifactKey: Guid(03b298e339be8c8428fc06f3fc1d627a) Importer(2089858483,3d70f49cd1c2eb9ae422958d1c652c6b)
Start importing Assets/PolygonStarter/Prefabs/SM_Generic_Ground_03.prefab using Guid(03b298e339be8c8428fc06f3fc1d627a) Importer(2089858483,3d70f49cd1c2eb9ae422958d1c652c6b) [PhysX] Initialized MultithreadedTaskDispatcher with 12 workers.
 -> (artifact id: '1907863929b15aa5c216d72c2de3e914') in 0.039716 seconds
Number of updated asset objects reloaded before import = 0
Number of asset objects unloaded after import = 9
========================================================================
Received Import Request.
  Time since last request: 0.000037 seconds.
  path: Assets/PolygonStarter/Models/SM_PolygonPrototype_Primitive_Cone_01P.fbx
  artifactKey: Guid(8d1a2ae25a118b4489e87176fcf3bbf9) Importer(2089858483,0ecaa5967403d082aa24f35e1b516d23)
Start importing Assets/PolygonStarter/Models/SM_PolygonPrototype_Primitive_Cone_01P.fbx using Guid(8d1a2ae25a118b4489e87176fcf3bbf9) Importer(2089858483,0ecaa5967403d082aa24f35e1b516d23) [PhysX] Initialized MultithreadedTaskDispatcher with 12 workers.
 -> (artifact id: '271a57610ec35b1155d3dc40263fb5f6') in 0.054652 seconds
Number of updated asset objects reloaded before import = 0
Number of asset objects unloaded after import = 7
========================================================================
Received Import Request.
  Time since last request: 0.000060 seconds.
  path: Assets/PolygonStarter/Models/SM_Generic_Small_Rocks_02.fbx
  artifactKey: Guid(ac743e4b145f4b944a5d2b6b26fea45b) Importer(2089858483,0ecaa5967403d082aa24f35e1b516d23)
Start importing Assets/PolygonStarter/Models/SM_Generic_Small_Rocks_02.fbx using Guid(ac743e4b145f4b944a5d2b6b26fea45b) Importer(2089858483,0ecaa5967403d082aa24f35e1b516d23) [PhysX] Initialized MultithreadedTaskDispatcher with 12 workers.
 -> (artifact id: 'eb87b9acff597ae55a5d18aec06354d3') in 0.055098 seconds
Number of updated asset objects reloaded before import = 0
Number of asset objects unloaded after import = 7
========================================================================
Received Import Request.
  Time since last request: 0.000055 seconds.
  path: Assets/PolygonStarter/Prefabs/SM_Generic_Small_Rocks_03.prefab
  artifactKey: Guid(7f14e8833dc154b44b20de9e6f911ca0) Importer(2089858483,0ecaa5967403d082aa24f35e1b516d23)
Start importing Assets/PolygonStarter/Prefabs/SM_Generic_Small_Rocks_03.prefab using Guid(7f14e8833dc154b44b20de9e6f911ca0) Importer(2089858483,0ecaa5967403d082aa24f35e1b516d23) [PhysX] Initialized MultithreadedTaskDispatcher with 12 workers.
 -> (artifact id: '287def51e3877706af8984de2a79a30b') in 0.051422 seconds
Number of updated asset objects reloaded before import = 0
Number of asset objects unloaded after import = 7
========================================================================
Received Import Request.
  Time since last request: 0.000073 seconds.
  path: Assets/Scenes/SampleScene.unity
  artifactKey: Guid(99c9720ab356a0642a771bea13969a05) Importer(2089858483,0ecaa5967403d082aa24f35e1b516d23)
Start importing Assets/Scenes/SampleScene.unity using Guid(99c9720ab356a0642a771bea13969a05) Importer(2089858483,0ecaa5967403d082aa24f35e1b516d23) [PhysX] Initialized MultithreadedTaskDispatcher with 12 workers.
 -> (artifact id: '85b4f939b4c7a6207c16f0f77fa154c8') in 0.032947 seconds
Number of updated asset objects reloaded before import = 0
Number of asset objects unloaded after import = 1
========================================================================
Received Import Request.
  Time since last request: 0.000434 seconds.
  path: Assets/PolygonStarter/Prefabs/SM_PolygonPrototype_Prop_Crate_03.prefab
  artifactKey: Guid(5527826a6315a224d850675a730c4f62) Importer(2089858483,0ecaa5967403d082aa24f35e1b516d23)
Start importing Assets/PolygonStarter/Prefabs/SM_PolygonPrototype_Prop_Crate_03.prefab using Guid(5527826a6315a224d850675a730c4f62) Importer(2089858483,0ecaa5967403d082aa24f35e1b516d23) [PhysX] Initialized MultithreadedTaskDispatcher with 12 workers.
 -> (artifact id: 'c74852c2c2ce90809ac627c274934486') in 0.068117 seconds
Number of updated asset objects reloaded before import = 0
Number of asset objects unloaded after import = 8
========================================================================
Received Import Request.
  Time since last request: 0.001377 seconds.
  path: Assets/PolygonStarter/Prefabs/SM_PolygonPrototype_Buildings_WallWindow_2x3_01P.prefab
  artifactKey: Guid(c65338a0f30f41c4681e41312190273d) Importer(2089858483,3d70f49cd1c2eb9ae422958d1c652c6b)
Start importing Assets/PolygonStarter/Prefabs/SM_PolygonPrototype_Buildings_WallWindow_2x3_01P.prefab using Guid(c65338a0f30f41c4681e41312190273d) Importer(2089858483,3d70f49cd1c2eb9ae422958d1c652c6b) [PhysX] Initialized MultithreadedTaskDispatcher with 12 workers.
 -> (artifact id: 'bdf9b61408493814a1a6785d07b79bec') in 0.048579 seconds
Number of updated asset objects reloaded before import = 0
Number of asset objects unloaded after import = 9
========================================================================
Received Import Request.
  Time since last request: 0.000037 seconds.
  path: Assets/PolygonStarter/Prefabs/SM_Wep_WaterPistol_01.prefab
  artifactKey: Guid(c6865c562fd3f2841a92dc0cbbd6b4b4) Importer(2089858483,0ecaa5967403d082aa24f35e1b516d23)
Start importing Assets/PolygonStarter/Prefabs/SM_Wep_WaterPistol_01.prefab using Guid(c6865c562fd3f2841a92dc0cbbd6b4b4) Importer(2089858483,0ecaa5967403d082aa24f35e1b516d23) [PhysX] Initialized MultithreadedTaskDispatcher with 12 workers.
 -> (artifact id: 'bc9a6a1eabdf350a14bed79416194a98') in 0.043149 seconds
Number of updated asset objects reloaded before import = 0
Number of asset objects unloaded after import = 13
========================================================================
Received Import Request.
  Time since last request: 0.000038 seconds.
  path: Assets/PolygonStarter/Prefabs/Characters/SM_Bean_Female_01.prefab
  artifactKey: Guid(bc89cff11dc72544faaaa69b501fd596) Importer(2089858483,0ecaa5967403d082aa24f35e1b516d23)
Start importing Assets/PolygonStarter/Prefabs/Characters/SM_Bean_Female_01.prefab using Guid(bc89cff11dc72544faaaa69b501fd596) Importer(2089858483,0ecaa5967403d082aa24f35e1b516d23) [PhysX] Initialized MultithreadedTaskDispatcher with 12 workers.
 -> (artifact id: 'a5bdfecd3c1efad1101dc93a58908fec') in 0.115991 seconds
Number of updated asset objects reloaded before import = 0
Number of asset objects unloaded after import = 7
========================================================================
Received Import Request.
  Time since last request: 0.000385 seconds.
  path: Assets/PolygonStarter/Prefabs/SM_Generic_Tree_03.prefab
  artifactKey: Guid(56edbd376562e9544ab88753fd3c4682) Importer(2089858483,0ecaa5967403d082aa24f35e1b516d23)
Start importing Assets/PolygonStarter/Prefabs/SM_Generic_Tree_03.prefab using Guid(56edbd376562e9544ab88753fd3c4682) Importer(2089858483,0ecaa5967403d082aa24f35e1b516d23) [PhysX] Initialized MultithreadedTaskDispatcher with 12 workers.
 -> (artifact id: 'fc70e31e4499ceedf24ba1708d05e767') in 0.134024 seconds
Number of updated asset objects reloaded before import = 0
Number of asset objects unloaded after import = 8
========================================================================
Received Import Request.
  Time since last request: 0.000029 seconds.
  path: Assets/PolygonStarter/Prefabs/SM_PolygonPrototype_Buildings_Stairs_1x1_01P.prefab
  artifactKey: Guid(f675c07d915406144ae3100b985c0abc) Importer(2089858483,3d70f49cd1c2eb9ae422958d1c652c6b)
Start importing Assets/PolygonStarter/Prefabs/SM_PolygonPrototype_Buildings_Stairs_1x1_01P.prefab using Guid(f675c07d915406144ae3100b985c0abc) Importer(2089858483,3d70f49cd1c2eb9ae422958d1c652c6b) [PhysX] Initialized MultithreadedTaskDispatcher with 12 workers.
 -> (artifact id: '39eb62ee80a3842310dd46e82887401b') in 0.046625 seconds
Number of updated asset objects reloaded before import = 0
Number of asset objects unloaded after import = 9
========================================================================
Received Import Request.
  Time since last request: 0.000034 seconds.
  path: Assets/PolygonStarter/Models/Collision/SM_Buildings_Column_2x3_01.fbx
  artifactKey: Guid(b45e496b386039141af15f243dd3ac22) Importer(2089858483,0ecaa5967403d082aa24f35e1b516d23)
Start importing Assets/PolygonStarter/Models/Collision/SM_Buildings_Column_2x3_01.fbx using Guid(b45e496b386039141af15f243dd3ac22) Importer(2089858483,0ecaa5967403d082aa24f35e1b516d23) [PhysX] Initialized MultithreadedTaskDispatcher with 12 workers.
 -> (artifact id: '83bdd417f119addf726a64743057f543') in 0.068608 seconds
Number of updated asset objects reloaded before import = 0
Number of asset objects unloaded after import = 7
========================================================================
Received Import Request.
  Time since last request: 0.000068 seconds.
  path: Assets/PolygonStarter/Models/SM_Generic_Small_Rocks_05.fbx
  artifactKey: Guid(6055577e4f794be4fb975210c267ebef) Importer(2089858483,0ecaa5967403d082aa24f35e1b516d23)
Start importing Assets/PolygonStarter/Models/SM_Generic_Small_Rocks_05.fbx using Guid(6055577e4f794be4fb975210c267ebef) Importer(2089858483,0ecaa5967403d082aa24f35e1b516d23) [PhysX] Initialized MultithreadedTaskDispatcher with 12 workers.
 -> (artifact id: '995548320b17fb4a1ba64b5802f3b15f') in 0.251069 seconds
Number of updated asset objects reloaded before import = 0
Number of asset objects unloaded after import = 7
========================================================================
Received Import Request.
  Time since last request: 0.000275 seconds.
  path: Assets/PolygonStarter/Prefabs/SM_Generic_Mountains_Grass_02.prefab
  artifactKey: Guid(d2201b576d0da384fb8f681e57559ea8) Importer(2089858483,3d70f49cd1c2eb9ae422958d1c652c6b)
Start importing Assets/PolygonStarter/Prefabs/SM_Generic_Mountains_Grass_02.prefab using Guid(d2201b576d0da384fb8f681e57559ea8) Importer(2089858483,3d70f49cd1c2eb9ae422958d1c652c6b) [PhysX] Initialized MultithreadedTaskDispatcher with 12 workers.
 -> (artifact id: '091ff5c0342207c76e453515dcc908ac') in 0.251734 seconds
Number of updated asset objects reloaded before import = 0
Number of asset objects unloaded after import = 9
========================================================================
Received Import Request.
  Time since last request: 0.000053 seconds.
  path: Assets/PolygonStarter/Prefabs/SM_PolygonPrototype_Buildings_Block_1x1_01P.prefab
  artifactKey: Guid(bbc12ae2f967ec04e8c3c39eeb92733b) Importer(2089858483,3d70f49cd1c2eb9ae422958d1c652c6b)
Start importing Assets/PolygonStarter/Prefabs/SM_PolygonPrototype_Buildings_Block_1x1_01P.prefab using Guid(bbc12ae2f967ec04e8c3c39eeb92733b) Importer(2089858483,3d70f49cd1c2eb9ae422958d1c652c6b) [PhysX] Initialized MultithreadedTaskDispatcher with 12 workers.
 -> (artifact id: '6d881472c93b26f98d790aa4b1b55068') in 0.338687 seconds
Number of updated asset objects reloaded before import = 0
Number of asset objects unloaded after import = 9
========================================================================
Received Import Request.
  Time since last request: 0.007870 seconds.
  path: Assets/PolygonStarter/Prefabs/SM_PolygonCity_Veh_Car_Small_01.prefab
  artifactKey: Guid(d6e2601c4f144db459adb4f5e7affc65) Importer(2089858483,0ecaa5967403d082aa24f35e1b516d23)
Start importing Assets/PolygonStarter/Prefabs/SM_PolygonCity_Veh_Car_Small_01.prefab using Guid(d6e2601c4f144db459adb4f5e7affc65) Importer(2089858483,0ecaa5967403d082aa24f35e1b516d23) [PhysX] Initialized MultithreadedTaskDispatcher with 12 workers.
 -> (artifact id: 'b4330079758c213336f82708548b9c72') in 0.154298 seconds
Number of updated asset objects reloaded before import = 0
Number of asset objects unloaded after import = 47
========================================================================
Received Import Request.
  Time since last request: 0.000054 seconds.
  path: Assets/PolygonStarter/Prefabs/SM_Generic_TreeStump_01.prefab
  artifactKey: Guid(e865a10713e46984aba70d89a679e42f) Importer(2089858483,3d70f49cd1c2eb9ae422958d1c652c6b)
Start importing Assets/PolygonStarter/Prefabs/SM_Generic_TreeStump_01.prefab using Guid(e865a10713e46984aba70d89a679e42f) Importer(2089858483,3d70f49cd1c2eb9ae422958d1c652c6b) [PhysX] Initialized MultithreadedTaskDispatcher with 12 workers.
 -> (artifact id: 'bb24361a38974fbd6cf5b2614d86c601') in 0.150823 seconds
Number of updated asset objects reloaded before import = 0
Number of asset objects unloaded after import = 9
========================================================================
Received Import Request.
  Time since last request: 0.000036 seconds.
  path: Assets/PolygonStarter/Textures/PolygonStarter_Texture_04.png
  artifactKey: Guid(051364296435f87449810911a2f9c4e8) Importer(2089858483,0ecaa5967403d082aa24f35e1b516d23)
Start importing Assets/PolygonStarter/Textures/PolygonStarter_Texture_04.png using Guid(051364296435f87449810911a2f9c4e8) Importer(2089858483,0ecaa5967403d082aa24f35e1b516d23) [PhysX] Initialized MultithreadedTaskDispatcher with 12 workers.
 -> (artifact id: '5216c0af7c59250cfeea47c57613d60c') in 0.056477 seconds
Number of updated asset objects reloaded before import = 0
Number of asset objects unloaded after import = 1
========================================================================
Received Import Request.
  Time since last request: 0.004319 seconds.
  path: Assets/PolygonStarter/Prefabs/SM_Wep_Watergun_02.prefab
  artifactKey: Guid(787a31f2409a3f64c987faeb2a72ab86) Importer(2089858483,0ecaa5967403d082aa24f35e1b516d23)
Start importing Assets/PolygonStarter/Prefabs/SM_Wep_Watergun_02.prefab using Guid(787a31f2409a3f64c987faeb2a72ab86) Importer(2089858483,0ecaa5967403d082aa24f35e1b516d23) [PhysX] Initialized MultithreadedTaskDispatcher with 12 workers.
 -> (artifact id: 'e4ce72694e6f04b5c2ba809000c4230a') in 0.053533 seconds
Number of updated asset objects reloaded before import = 0
Number of asset objects unloaded after import = 24
========================================================================
Received Import Request.
  Time since last request: 0.004509 seconds.
  path: Assets/PolygonStarter/Models/SM_Generic_Tree_04.fbx
  artifactKey: Guid(0b35305b613e7904395698641c0150cc) Importer(2089858483,0ecaa5967403d082aa24f35e1b516d23)
Start importing Assets/PolygonStarter/Models/SM_Generic_Tree_04.fbx using Guid(0b35305b613e7904395698641c0150cc) Importer(2089858483,0ecaa5967403d082aa24f35e1b516d23) [PhysX] Initialized MultithreadedTaskDispatcher with 12 workers.
 -> (artifact id: '6475bb1ee65c2a7d3e84912f6d6f2c1a') in 0.103942 seconds
Number of updated asset objects reloaded before import = 0
Number of asset objects unloaded after import = 7
========================================================================
Received Import Request.
  Time since last request: 0.001888 seconds.
  path: Assets/PolygonStarter/Materials/Plane/PolygonStarter_Mat_Plane_01.mat
  artifactKey: Guid(940d4c7d3d8f0ff4aab297e184fe9ffd) Importer(2089858483,0ecaa5967403d082aa24f35e1b516d23)
Start importing Assets/PolygonStarter/Materials/Plane/PolygonStarter_Mat_Plane_01.mat using Guid(940d4c7d3d8f0ff4aab297e184fe9ffd) Importer(2089858483,0ecaa5967403d082aa24f35e1b516d23) [PhysX] Initialized MultithreadedTaskDispatcher with 12 workers.
 -> (artifact id: '4c6061e328ab44faeb18e06cebadf932') in 0.085645 seconds
Number of updated asset objects reloaded before import = 0
Number of asset objects unloaded after import = 2
========================================================================
Received Import Request.
  Time since last request: 0.006578 seconds.
  path: Assets/PolygonStarter/Prefabs/SM_Generic_Small_Rocks_02.prefab
  artifactKey: Guid(a76742b3f592d834ca1e03ad08301998) Importer(2089858483,3d70f49cd1c2eb9ae422958d1c652c6b)
Start importing Assets/PolygonStarter/Prefabs/SM_Generic_Small_Rocks_02.prefab using Guid(a76742b3f592d834ca1e03ad08301998) Importer(2089858483,3d70f49cd1c2eb9ae422958d1c652c6b) [PhysX] Initialized MultithreadedTaskDispatcher with 12 workers.
 -> (artifact id: '16dbcc44ff67fab60218d63274eeb40c') in 0.087968 seconds
Number of updated asset objects reloaded before import = 0
Number of asset objects unloaded after import = 8
========================================================================
Received Import Request.
  Time since last request: 0.000046 seconds.
  path: Assets/PolygonStarter/Prefabs/SM_Generic_TreeStump_01.prefab
  artifactKey: Guid(e865a10713e46984aba70d89a679e42f) Importer(2089858483,0ecaa5967403d082aa24f35e1b516d23)
Start importing Assets/PolygonStarter/Prefabs/SM_Generic_TreeStump_01.prefab using Guid(e865a10713e46984aba70d89a679e42f) Importer(2089858483,0ecaa5967403d082aa24f35e1b516d23) [PhysX] Initialized MultithreadedTaskDispatcher with 12 workers.
 -> (artifact id: '5c7df918b5cdfeaab48584c47ba3e80a') in 0.066433 seconds
Number of updated asset objects reloaded before import = 0
Number of asset objects unloaded after import = 8
========================================================================
Received Import Request.
  Time since last request: 0.001255 seconds.
  path: Assets/PolygonStarter/Prefabs/SM_Generic_Small_Rocks_04.prefab
  artifactKey: Guid(097c26aede8f73e41a32d546bd00e97f) Importer(2089858483,3d70f49cd1c2eb9ae422958d1c652c6b)
Start importing Assets/PolygonStarter/Prefabs/SM_Generic_Small_Rocks_04.prefab using Guid(097c26aede8f73e41a32d546bd00e97f) Importer(2089858483,3d70f49cd1c2eb9ae422958d1c652c6b) [PhysX] Initialized MultithreadedTaskDispatcher with 12 workers.
 -> (artifact id: '107bb5b671a7255349065a96abba8677') in 0.047753 seconds
Number of updated asset objects reloaded before import = 0
Number of asset objects unloaded after import = 8
========================================================================
Received Import Request.
  Time since last request: 0.005534 seconds.
  path: Assets/PolygonStarter/Models/SM_Generic_Tree_02.fbx
  artifactKey: Guid(52e489a7682e53e4fbbd56a5eab52da6) Importer(2089858483,0ecaa5967403d082aa24f35e1b516d23)
Start importing Assets/PolygonStarter/Models/SM_Generic_Tree_02.fbx using Guid(52e489a7682e53e4fbbd56a5eab52da6) Importer(2089858483,0ecaa5967403d082aa24f35e1b516d23) [PhysX] Initialized MultithreadedTaskDispatcher with 12 workers.
 -> (artifact id: '6708ca423dd96387cd8b80efc6a98b17') in 0.139960 seconds
Number of updated asset objects reloaded before import = 0
Number of asset objects unloaded after import = 7
========================================================================
Received Import Request.
  Time since last request: 0.000072 seconds.
  path: Assets/PolygonStarter/Materials/Plane/PolygonStarter_Mat_Plane_02.mat
  artifactKey: Guid(dce3a789f595f224a85f5cf4f2e6667d) Importer(2089858483,0ecaa5967403d082aa24f35e1b516d23)
Start importing Assets/PolygonStarter/Materials/Plane/PolygonStarter_Mat_Plane_02.mat using Guid(dce3a789f595f224a85f5cf4f2e6667d) Importer(2089858483,0ecaa5967403d082aa24f35e1b516d23) [PhysX] Initialized MultithreadedTaskDispatcher with 12 workers.
 -> (artifact id: '93748958ce1aaa6cc49c5bc304f936b0') in 0.111754 seconds
Number of updated asset objects reloaded before import = 0
Number of asset objects unloaded after import = 2
========================================================================
Received Import Request.
  Time since last request: 0.001345 seconds.
  path: Assets/PolygonStarter/Models/SM_Wep_Watergun_01.fbx
  artifactKey: Guid(e42a245ddc40f744994b4b96b407ec47) Importer(2089858483,0ecaa5967403d082aa24f35e1b516d23)
Start importing Assets/PolygonStarter/Models/SM_Wep_Watergun_01.fbx using Guid(e42a245ddc40f744994b4b96b407ec47) Importer(2089858483,0ecaa5967403d082aa24f35e1b516d23) [PhysX] Initialized MultithreadedTaskDispatcher with 12 workers.
 -> (artifact id: '06d9127684a8539eab5a56170030330f') in 0.129482 seconds
Number of updated asset objects reloaded before import = 0
Number of asset objects unloaded after import = 22
========================================================================
Received Import Request.
  Time since last request: 0.000073 seconds.
  path: Assets/PolygonStarter/Prefabs/Characters/SM_Character_Male_01.prefab
  artifactKey: Guid(f11fc98cf1e8d5547a9b2ec85cc9c664) Importer(2089858483,3d70f49cd1c2eb9ae422958d1c652c6b)
Start importing Assets/PolygonStarter/Prefabs/Characters/SM_Character_Male_01.prefab using Guid(f11fc98cf1e8d5547a9b2ec85cc9c664) Importer(2089858483,3d70f49cd1c2eb9ae422958d1c652c6b) [PhysX] Initialized MultithreadedTaskDispatcher with 12 workers.
 -> (artifact id: 'dbce4696045f3ee7b6c0c27a6310ccf2') in 0.181488 seconds
Number of updated asset objects reloaded before import = 0
Number of asset objects unloaded after import = 122
========================================================================
Received Import Request.
  Time since last request: 0.000117 seconds.
  path: Assets/PolygonStarter/Models/SM_PolygonPrototype_Primitive_Cylander_01P.fbx
  artifactKey: Guid(5cbb72520f7443f49b700d24eeec82e9) Importer(2089858483,0ecaa5967403d082aa24f35e1b516d23)
Start importing Assets/PolygonStarter/Models/SM_PolygonPrototype_Primitive_Cylander_01P.fbx using Guid(5cbb72520f7443f49b700d24eeec82e9) Importer(2089858483,0ecaa5967403d082aa24f35e1b516d23) [PhysX] Initialized MultithreadedTaskDispatcher with 12 workers.
 -> (artifact id: 'c674ebae187bd39efd42109e6f7c2388') in 0.070152 seconds
Number of updated asset objects reloaded before import = 0
Number of asset objects unloaded after import = 7
========================================================================
Received Import Request.
  Time since last request: 0.000086 seconds.
  path: Assets/PolygonStarter/Models/Collision/SM_Buildings_DoorFrame_01.fbx
  artifactKey: Guid(c7bd79f25c690294f893f8905d2264f5) Importer(2089858483,0ecaa5967403d082aa24f35e1b516d23)
Start importing Assets/PolygonStarter/Models/Collision/SM_Buildings_DoorFrame_01.fbx using Guid(c7bd79f25c690294f893f8905d2264f5) Importer(2089858483,0ecaa5967403d082aa24f35e1b516d23) [PhysX] Initialized MultithreadedTaskDispatcher with 12 workers.
 -> (artifact id: 'd2b6561ae748a503e59b20f7ede2b7fa') in 0.089273 seconds
Number of updated asset objects reloaded before import = 0
Number of asset objects unloaded after import = 7
========================================================================
Received Import Request.
  Time since last request: 0.000049 seconds.
  path: Assets/PolygonStarter/Models/SM_PolygonApocalypse_Bld_House_01.fbx
  artifactKey: Guid(373fc854d939a1346a2f460d917cad73) Importer(2089858483,0ecaa5967403d082aa24f35e1b516d23)
Start importing Assets/PolygonStarter/Models/SM_PolygonApocalypse_Bld_House_01.fbx using Guid(373fc854d939a1346a2f460d917cad73) Importer(2089858483,0ecaa5967403d082aa24f35e1b516d23) [PhysX] Initialized MultithreadedTaskDispatcher with 12 workers.
 -> (artifact id: 'a58f422bae8cf9bab77918d0f869ed1f') in 0.139894 seconds
Number of updated asset objects reloaded before import = 0
Number of asset objects unloaded after import = 7
========================================================================
Received Import Request.
  Time since last request: 0.008033 seconds.
  path: Assets/PolygonStarter/Models/SM_PolygonPrototype_Prop_Cone_01.fbx
  artifactKey: Guid(10f4e51254da985418a112d2dfe124f0) Importer(2089858483,0ecaa5967403d082aa24f35e1b516d23)
Start importing Assets/PolygonStarter/Models/SM_PolygonPrototype_Prop_Cone_01.fbx using Guid(10f4e51254da985418a112d2dfe124f0) Importer(2089858483,0ecaa5967403d082aa24f35e1b516d23) [PhysX] Initialized MultithreadedTaskDispatcher with 12 workers.
 -> (artifact id: '756acfd34c5b05d4fbd10d748462c150') in 0.084538 seconds
Number of updated asset objects reloaded before import = 0
Number of asset objects unloaded after import = 7
========================================================================
Received Import Request.
  Time since last request: 0.000080 seconds.
  path: Assets/PolygonStarter/Prefabs/SM_PolygonPrototype_Icon_Coin_01.prefab
  artifactKey: Guid(160a6121b4d25254da31bdab63ad82b7) Importer(2089858483,0ecaa5967403d082aa24f35e1b516d23)
Start importing Assets/PolygonStarter/Prefabs/SM_PolygonPrototype_Icon_Coin_01.prefab using Guid(160a6121b4d25254da31bdab63ad82b7) Importer(2089858483,0ecaa5967403d082aa24f35e1b516d23) [PhysX] Initialized MultithreadedTaskDispatcher with 12 workers.
 -> (artifact id: 'd51d1ad5b408ee77f9c6df141fca0c41') in 0.065240 seconds
Number of updated asset objects reloaded before import = 0
Number of asset objects unloaded after import = 8
========================================================================
Received Import Request.
  Time since last request: 0.000036 seconds.
  path: Assets/PolygonStarter/Models/SM_PolygonPrototype_Buildings_Ramp_25_1x1_01P.fbx
  artifactKey: Guid(61fb2dc939f73bf4882dd937f15fd0c1) Importer(2089858483,0ecaa5967403d082aa24f35e1b516d23)
Start importing Assets/PolygonStarter/Models/SM_PolygonPrototype_Buildings_Ramp_25_1x1_01P.fbx using Guid(61fb2dc939f73bf4882dd937f15fd0c1) Importer(2089858483,0ecaa5967403d082aa24f35e1b516d23) [PhysX] Initialized MultithreadedTaskDispatcher with 12 workers.
 -> (artifact id: '9018b4504493c7907875c339506ad26d') in 0.090302 seconds
Number of updated asset objects reloaded before import = 0
Number of asset objects unloaded after import = 7
========================================================================
Received Import Request.
  Time since last request: 0.000073 seconds.
  path: Assets/PolygonStarter/Prefabs/SM_Generic_Tree_04.prefab
  artifactKey: Guid(777f53d3993533d4184fa410d0cdfae7) Importer(2089858483,0ecaa5967403d082aa24f35e1b516d23)
Start importing Assets/PolygonStarter/Prefabs/SM_Generic_Tree_04.prefab using Guid(777f53d3993533d4184fa410d0cdfae7) Importer(2089858483,0ecaa5967403d082aa24f35e1b516d23) [PhysX] Initialized MultithreadedTaskDispatcher with 12 workers.
 -> (artifact id: '7faa09b2e054e41ab914c863bec9995c') in 0.070321 seconds
Number of updated asset objects reloaded before import = 0
Number of asset objects unloaded after import = 8
========================================================================
Received Import Request.
  Time since last request: 0.000031 seconds.
  path: Assets/PolygonStarter/Prefabs/SM_PolygonPrototype_Primitive_Cylander_01P.prefab
  artifactKey: Guid(4ec4cfadebd96154690192fbd49e28b8) Importer(2089858483,0ecaa5967403d082aa24f35e1b516d23)
Start importing Assets/PolygonStarter/Prefabs/SM_PolygonPrototype_Primitive_Cylander_01P.prefab using Guid(4ec4cfadebd96154690192fbd49e28b8) Importer(2089858483,0ecaa5967403d082aa24f35e1b516d23) [PhysX] Initialized MultithreadedTaskDispatcher with 12 workers.
 -> (artifact id: 'c1f5b82fa3fe0dc7bd9cb46fefa0f76e') in 0.128368 seconds
Number of updated asset objects reloaded before import = 0
Number of asset objects unloaded after import = 8
========================================================================
Received Import Request.
  Time since last request: 0.001462 seconds.
  path: Assets/PolygonStarter/Prefabs/SM_Generic_Ground_01.prefab
  artifactKey: Guid(fb0131aa61eef7c4d95b2efaf17614ec) Importer(2089858483,3d70f49cd1c2eb9ae422958d1c652c6b)
Start importing Assets/PolygonStarter/Prefabs/SM_Generic_Ground_01.prefab using Guid(fb0131aa61eef7c4d95b2efaf17614ec) Importer(2089858483,3d70f49cd1c2eb9ae422958d1c652c6b) [PhysX] Initialized MultithreadedTaskDispatcher with 12 workers.
 -> (artifact id: 'e10138d4d5dbb6eb638bd7db258aeade') in 0.113951 seconds
Number of updated asset objects reloaded before import = 0
Number of asset objects unloaded after import = 9
========================================================================
Received Import Request.
  Time since last request: 0.000038 seconds.
  path: Assets/PolygonStarter/Prefabs/SM_SimpleSky_Dome_01.prefab
  artifactKey: Guid(139b3e971e6648b459617b164e32d96d) Importer(2089858483,0ecaa5967403d082aa24f35e1b516d23)
Start importing Assets/PolygonStarter/Prefabs/SM_SimpleSky_Dome_01.prefab using Guid(139b3e971e6648b459617b164e32d96d) Importer(2089858483,0ecaa5967403d082aa24f35e1b516d23) [PhysX] Initialized MultithreadedTaskDispatcher with 12 workers.
 -> (artifact id: 'ce3d9ff507467628812b2395b60b3b87') in 0.093641 seconds
Number of updated asset objects reloaded before import = 0
Number of asset objects unloaded after import = 7
========================================================================
Received Import Request.
  Time since last request: 0.000067 seconds.
  path: Assets/PolygonStarter/Models/Collision/SM_Buildings_Floor_1x1_01.fbx
  artifactKey: Guid(bef96b6e1cd37444fa6937ae99361014) Importer(2089858483,0ecaa5967403d082aa24f35e1b516d23)
Start importing Assets/PolygonStarter/Models/Collision/SM_Buildings_Floor_1x1_01.fbx using Guid(bef96b6e1cd37444fa6937ae99361014) Importer(2089858483,0ecaa5967403d082aa24f35e1b516d23) [PhysX] Initialized MultithreadedTaskDispatcher with 12 workers.
 -> (artifact id: 'f034253342f9fb4e612849eab302a531') in 0.144299 seconds
Number of updated asset objects reloaded before import = 0
Number of asset objects unloaded after import = 7
Editor requested this worker to shutdown with reason: balancing worker count downwards
TcpMessagingSession - receive error
AssetImportWorkerClient::OnTransportError - code=2 error=End of file
AssetImportWorker is now disconnected from the server
Process exiting
Exiting without the bug reporter. Application will terminate with return code 0